<?xml version="1.0" encoding="UTF-8"?>
<!-- Generated by org.testng.reporters.JUnitReportReporter -->
<testsuite hostname="LAPTOP-0ETEA5TC" failures="0" tests="1" name="comm.NewTest" time="0.007" errors="0" timestamp="2024-01-25T19:22:03 IST" skipped="0">
  <testcase classname="comm.NewTest" name="f" time="0.007"/>
</testsuite> <!-- comm.NewTest -->
