<?xml version="1.0" encoding="UTF-8"?>
<!-- Generated by org.testng.reporters.JUnitReportReporter -->
<testsuite hostname="LAPTOP-0ETEA5TC" failures="0" tests="2" name="comm.MyTest2" time="0.008" errors="0" timestamp="2024-02-01T14:44:06 IST" skipped="0">
  <testcase classname="comm.MyTest2" name="myTestMethod4" time="0.005"/>
  <testcase classname="comm.MyTest2" name="myTestMethod3" time="0.003"/>
</testsuite> <!-- comm.MyTest2 -->
