<?xml version="1.0" encoding="UTF-8"?>
<!-- Generated by org.testng.reporters.JUnitReportReporter -->
<testsuite hostname="LAPTOP-0ETEA5TC" failures="0" tests="1" name="comm.MyTestClass1" time="0.047" errors="0" timestamp="2024-02-20T19:08:25 IST" skipped="0">
  <testcase classname="comm.MyTestClass1" name="myTestMethod1" time="0.047"/>
</testsuite> <!-- comm.MyTestClass1 -->
