<?xml version="1.0" encoding="UTF-8"?>
<!-- Generated by org.testng.reporters.JUnitReportReporter -->
<testsuite hostname="LAPTOP-0ETEA5TC" failures="0" tests="2" name="comm.MyTestClass2" time="0.369" errors="0" timestamp="2024-02-21T20:18:31 IST" skipped="1">
  <testcase classname="comm.MyTestClass2" name="myTestMethod3" time="0.369"/>
  <testcase classname="comm.MyTestClass2" name="myTestMethod4">
    <skipped/>
  </testcase> <!-- myTestMethod4 -->
</testsuite> <!-- comm.MyTestClass2 -->
