<?xml version="1.0" encoding="UTF-8"?>
<!-- Generated by org.testng.reporters.JUnitReportReporter -->
<testsuite hostname="LAPTOP-0ETEA5TC" failures="0" tests="2" name="comm.MyTest1" time="0.047" errors="0" timestamp="2024-02-01T15:06:46 IST" skipped="0">
  <testcase classname="comm.MyTest1" name="myTestMethod2" time="0.004"/>
  <testcase classname="comm.MyTest1" name="myTestMethod1" time="0.043"/>
</testsuite> <!-- comm.MyTest1 -->
