<?xml version="1.0" encoding="UTF-8"?>
<!-- Generated by org.testng.reporters.JUnitReportReporter -->
<testsuite hostname="LAPTOP-0ETEA5TC" failures="0" tests="2" name="comm.testExecutionsuite" time="146.309" errors="0" timestamp="2024-07-26T09:30:01 IST" skipped="0">
  <testcase classname="comm.testExecutionsuite" name="demo" time="72.558">
    <system-out>
      <![CDATA[<B>abdul.shaikh@aqmtechnologies.com</B> is entered in  Login_Into_NewTCS text field
<B>Gaffar@12345</B> is entered in  Login_Into_NewTCS text field
Clicked on <B> Login_Into_NewTCS</B> ]]>
    </system-out>
  </testcase> <!-- demo -->
  <testcase classname="comm.testExecutionsuite" name="demo" time="73.751">
    <system-out>
      <![CDATA[<B>abdul.shaikh@aqmtechnologies.com</B> is entered in  Login_Into_NewTCS text field
<B>Gaffar@12345</B> is entered in  Login_Into_NewTCS text field
Clicked on <B> Login_Into_NewTCS</B> ]]>
    </system-out>
  </testcase> <!-- demo -->
  <system-out>
    <![CDATA[<B>abdul.shaikh@aqmtechnologies.com</B> is entered in  Login_Into_NewTCS text field
<B>Gaffar@12345</B> is entered in  Login_Into_NewTCS text field
Clicked on <B> Login_Into_NewTCS</B> 
<B>abdul.shaikh@aqmtechnologies.com</B> is entered in  Login_Into_NewTCS text field
<B>Gaffar@12345</B> is entered in  Login_Into_NewTCS text field
Clicked on <B> Login_Into_NewTCS</B> ]]>
  </system-out>
</testsuite> <!-- comm.testExecutionsuite -->
