<?xml version="1.0" encoding="UTF-8"?>
<!-- Generated by org.testng.reporters.JUnitReportReporter -->
<testsuite hostname="LAPTOP-0ETEA5TC" failures="0" tests="6" name="comm.Demo" time="0.066" errors="0" timestamp="2024-03-17T18:28:51 IST" skipped="0">
  <testcase classname="comm.Demo" name="test1" time="0.056"/>
  <testcase classname="comm.Demo" name="c" time="0.002"/>
  <testcase classname="comm.Demo" name="test3" time="0.001"/>
  <testcase classname="comm.Demo" name="a" time="0.002"/>
  <testcase classname="comm.Demo" name="b" time="0.002"/>
  <testcase classname="comm.Demo" name="test2" time="0.003"/>
</testsuite> <!-- comm.Demo -->
